2021-10-16 00:02:41.777 [main] INFO  cn.edu.xmu.restfuldemo.DemoApplication - Starting DemoApplication using Java 16.0.1 on DESKTOP-600G03K with PID 3420 (G:\JavaEE\code\新建文件夹\JavaEEPlatform-master\JavaEEPlatform-master\3.MyBatis\RestFulDemoMyBatis\target\classes started by 向往快乐的王子 in G:\JavaEE\code\新建文件夹\JavaEEPlatform-master\JavaEEPlatform-master\3.MyBatis\RestFulDemoMyBatis)
2021-10-16 00:02:41.781 [main] INFO  cn.edu.xmu.restfuldemo.DemoApplication - No active profile set, falling back to default profiles: default
2021-10-16 00:02:49.064 [main] INFO  cn.edu.xmu.restfuldemo.DemoApplication - Started DemoApplication in 7.957 seconds (JVM running for 9.513)
2021-10-16 00:03:44.237 [main] INFO  cn.edu.xmu.restfuldemo.DemoApplication - Starting DemoApplication using Java 16.0.1 on DESKTOP-600G03K with PID 3236 (G:\JavaEE\code\新建文件夹\JavaEEPlatform-master\JavaEEPlatform-master\3.MyBatis\RestFulDemoMyBatis\target\classes started by 向往快乐的王子 in G:\JavaEE\code\新建文件夹\JavaEEPlatform-master\JavaEEPlatform-master\3.MyBatis\RestFulDemoMyBatis)
2021-10-16 00:03:44.241 [main] INFO  cn.edu.xmu.restfuldemo.DemoApplication - No active profile set, falling back to default profiles: default
2021-10-16 00:03:51.868 [main] INFO  cn.edu.xmu.restfuldemo.DemoApplication - Started DemoApplication in 8.302 seconds (JVM running for 9.984)
2021-10-16 00:04:55.181 [main] INFO  cn.edu.xmu.restfuldemo.DemoApplication - Starting DemoApplication using Java 16.0.1 on DESKTOP-600G03K with PID 24376 (G:\JavaEE\code\新建文件夹\JavaEEPlatform-master\JavaEEPlatform-master\3.MyBatis\RestFulDemoMyBatis\target\classes started by 向往快乐的王子 in G:\JavaEE\code\新建文件夹\JavaEEPlatform-master\JavaEEPlatform-master\3.MyBatis\RestFulDemoMyBatis)
2021-10-16 00:04:55.185 [main] INFO  cn.edu.xmu.restfuldemo.DemoApplication - No active profile set, falling back to default profiles: default
2021-10-16 00:05:02.318 [main] INFO  cn.edu.xmu.restfuldemo.DemoApplication - Started DemoApplication in 7.64 seconds (JVM running for 9.086)
2021-10-16 00:05:26.371 [http-nio-8080-exec-1] ERROR o.a.c.c.C.[.[localhost].[/].[dispatcherServlet] - Servlet.service() for servlet [dispatcherServlet] in context with path [] threw exception [Request processing failed; nested exception is org.springframework.http.converter.HttpMessageConversionException: Type definition error: [simple type, class cn.edu.xmu.restfuldemo.model.OrderItemRetVo]; nested exception is com.fasterxml.jackson.databind.exc.InvalidDefinitionException: Cannot construct instance of `cn.edu.xmu.restfuldemo.model.OrderItemRetVo` (no Creators, like default constructor, exist): cannot deserialize from Object value (no delegate- or property-based Creator)
 at [Source: (PushbackInputStream); line: 4, column: 2] (through reference chain: cn.edu.xmu.restfuldemo.model.OrdersRetVo["orderItems"]->java.util.ArrayList[0])] with root cause
com.fasterxml.jackson.databind.exc.InvalidDefinitionException: Cannot construct instance of `cn.edu.xmu.restfuldemo.model.OrderItemRetVo` (no Creators, like default constructor, exist): cannot deserialize from Object value (no delegate- or property-based Creator)
 at [Source: (PushbackInputStream); line: 4, column: 2] (through reference chain: cn.edu.xmu.restfuldemo.model.OrdersRetVo["orderItems"]->java.util.ArrayList[0])
	at com.fasterxml.jackson.databind.exc.InvalidDefinitionException.from(InvalidDefinitionException.java:67)
	at com.fasterxml.jackson.databind.DeserializationContext.reportBadDefinition(DeserializationContext.java:1764)
	at com.fasterxml.jackson.databind.DatabindContext.reportBadDefinition(DatabindContext.java:400)
	at com.fasterxml.jackson.databind.DeserializationContext.handleMissingInstantiator(DeserializationContext.java:1209)
	at com.fasterxml.jackson.databind.deser.BeanDeserializerBase.deserializeFromObjectUsingNonDefault(BeanDeserializerBase.java:1415)
	at com.fasterxml.jackson.databind.deser.BeanDeserializer.deserializeFromObject(BeanDeserializer.java:362)
	at com.fasterxml.jackson.databind.deser.BeanDeserializer.deserialize(BeanDeserializer.java:195)
	at com.fasterxml.jackson.databind.deser.std.CollectionDeserializer._deserializeFromArray(CollectionDeserializer.java:355)
	at com.fasterxml.jackson.databind.deser.std.CollectionDeserializer.deserialize(CollectionDeserializer.java:244)
	at com.fasterxml.jackson.databind.deser.std.CollectionDeserializer.deserialize(CollectionDeserializer.java:28)
	at com.fasterxml.jackson.databind.deser.impl.MethodProperty.deserializeAndSet(MethodProperty.java:129)
	at com.fasterxml.jackson.databind.deser.BeanDeserializer.deserializeFromObject(BeanDeserializer.java:402)
	at com.fasterxml.jackson.databind.deser.BeanDeserializer.deserialize(BeanDeserializer.java:195)
	at com.fasterxml.jackson.databind.deser.DefaultDeserializationContext.readRootValue(DefaultDeserializationContext.java:322)
	at com.fasterxml.jackson.databind.ObjectMapper._readMapAndClose(ObjectMapper.java:4593)
	at com.fasterxml.jackson.databind.ObjectMapper.readValue(ObjectMapper.java:3601)
	at org.springframework.http.converter.json.AbstractJackson2HttpMessageConverter.readJavaType(AbstractJackson2HttpMessageConverter.java:378)
	at org.springframework.http.converter.json.AbstractJackson2HttpMessageConverter.read(AbstractJackson2HttpMessageConverter.java:342)
	at org.springframework.web.servlet.mvc.method.annotation.AbstractMessageConverterMethodArgumentResolver.readWithMessageConverters(AbstractMessageConverterMethodArgumentResolver.java:185)
	at org.springframework.web.servlet.mvc.method.annotation.RequestResponseBodyMethodProcessor.readWithMessageConverters(RequestResponseBodyMethodProcessor.java:160)
	at org.springframework.web.servlet.mvc.method.annotation.RequestResponseBodyMethodProcessor.resolveArgument(RequestResponseBodyMethodProcessor.java:133)
	at org.springframework.web.method.support.HandlerMethodArgumentResolverComposite.resolveArgument(HandlerMethodArgumentResolverComposite.java:121)
	at org.springframework.web.method.support.InvocableHandlerMethod.getMethodArgumentValues(InvocableHandlerMethod.java:170)
	at org.springframework.web.method.support.InvocableHandlerMethod.invokeForRequest(InvocableHandlerMethod.java:137)
	at org.springframework.web.servlet.mvc.method.annotation.ServletInvocableHandlerMethod.invokeAndHandle(ServletInvocableHandlerMethod.java:106)
	at org.springframework.web.servlet.mvc.method.annotation.RequestMappingHandlerAdapter.invokeHandlerMethod(RequestMappingHandlerAdapter.java:895)
	at org.springframework.web.servlet.mvc.method.annotation.RequestMappingHandlerAdapter.handleInternal(RequestMappingHandlerAdapter.java:808)
	at org.springframework.web.servlet.mvc.method.AbstractHandlerMethodAdapter.handle(AbstractHandlerMethodAdapter.java:87)
	at org.springframework.web.servlet.DispatcherServlet.doDispatch(DispatcherServlet.java:1064)
	at org.springframework.web.servlet.DispatcherServlet.doService(DispatcherServlet.java:963)
	at org.springframework.web.servlet.FrameworkServlet.processRequest(FrameworkServlet.java:1006)
	at org.springframework.web.servlet.FrameworkServlet.doPost(FrameworkServlet.java:909)
	at javax.servlet.http.HttpServlet.service(HttpServlet.java:681)
	at org.springframework.web.servlet.FrameworkServlet.service(FrameworkServlet.java:883)
	at javax.servlet.http.HttpServlet.service(HttpServlet.java:764)
	at org.apache.catalina.core.ApplicationFilterChain.internalDoFilter(ApplicationFilterChain.java:228)
	at org.apache.catalina.core.ApplicationFilterChain.doFilter(ApplicationFilterChain.java:163)
	at org.apache.tomcat.websocket.server.WsFilter.doFilter(WsFilter.java:53)
	at org.apache.catalina.core.ApplicationFilterChain.internalDoFilter(ApplicationFilterChain.java:190)
	at org.apache.catalina.core.ApplicationFilterChain.doFilter(ApplicationFilterChain.java:163)
	at org.springframework.web.filter.RequestContextFilter.doFilterInternal(RequestContextFilter.java:100)
	at org.springframework.web.filter.OncePerRequestFilter.doFilter(OncePerRequestFilter.java:119)
	at org.apache.catalina.core.ApplicationFilterChain.internalDoFilter(ApplicationFilterChain.java:190)
	at org.apache.catalina.core.ApplicationFilterChain.doFilter(ApplicationFilterChain.java:163)
	at org.springframework.web.filter.FormContentFilter.doFilterInternal(FormContentFilter.java:93)
	at org.springframework.web.filter.OncePerRequestFilter.doFilter(OncePerRequestFilter.java:119)
	at org.apache.catalina.core.ApplicationFilterChain.internalDoFilter(ApplicationFilterChain.java:190)
	at org.apache.catalina.core.ApplicationFilterChain.doFilter(ApplicationFilterChain.java:163)
	at org.springframework.boot.actuate.metrics.web.servlet.WebMvcMetricsFilter.doFilterInternal(WebMvcMetricsFilter.java:96)
	at org.springframework.web.filter.OncePerRequestFilter.doFilter(OncePerRequestFilter.java:119)
	at org.apache.catalina.core.ApplicationFilterChain.internalDoFilter(ApplicationFilterChain.java:190)
	at org.apache.catalina.core.ApplicationFilterChain.doFilter(ApplicationFilterChain.java:163)
	at org.springframework.web.filter.CharacterEncodingFilter.doFilterInternal(CharacterEncodingFilter.java:201)
	at org.springframework.web.filter.OncePerRequestFilter.doFilter(OncePerRequestFilter.java:119)
	at org.apache.catalina.core.ApplicationFilterChain.internalDoFilter(ApplicationFilterChain.java:190)
	at org.apache.catalina.core.ApplicationFilterChain.doFilter(ApplicationFilterChain.java:163)
	at org.apache.catalina.core.StandardWrapperValve.invoke(StandardWrapperValve.java:202)
	at org.apache.catalina.core.StandardContextValve.invoke(StandardContextValve.java:97)
	at org.apache.catalina.authenticator.AuthenticatorBase.invoke(AuthenticatorBase.java:542)
	at org.apache.catalina.core.StandardHostValve.invoke(StandardHostValve.java:143)
	at org.apache.catalina.valves.ErrorReportValve.invoke(ErrorReportValve.java:92)
	at org.apache.catalina.core.StandardEngineValve.invoke(StandardEngineValve.java:78)
	at org.apache.catalina.connector.CoyoteAdapter.service(CoyoteAdapter.java:357)
	at org.apache.coyote.http11.Http11Processor.service(Http11Processor.java:382)
	at org.apache.coyote.AbstractProcessorLight.process(AbstractProcessorLight.java:65)
	at org.apache.coyote.AbstractProtocol$ConnectionHandler.process(AbstractProtocol.java:893)
	at org.apache.tomcat.util.net.NioEndpoint$SocketProcessor.doRun(NioEndpoint.java:1723)
	at org.apache.tomcat.util.net.SocketProcessorBase.run(SocketProcessorBase.java:49)
	at java.base/java.util.concurrent.ThreadPoolExecutor.runWorker(ThreadPoolExecutor.java:1130)
	at java.base/java.util.concurrent.ThreadPoolExecutor$Worker.run(ThreadPoolExecutor.java:630)
	at org.apache.tomcat.util.threads.TaskThread$WrappingRunnable.run(TaskThread.java:61)
	at java.base/java.lang.Thread.run(Thread.java:831)
2021-10-16 00:06:53.028 [main] INFO  cn.edu.xmu.restfuldemo.DemoApplication - Starting DemoApplication using Java 16.0.1 on DESKTOP-600G03K with PID 3520 (G:\JavaEE\code\新建文件夹\JavaEEPlatform-master\JavaEEPlatform-master\3.MyBatis\RestFulDemoMyBatis\target\classes started by 向往快乐的王子 in G:\JavaEE\code\新建文件夹\JavaEEPlatform-master\JavaEEPlatform-master\3.MyBatis\RestFulDemoMyBatis)
2021-10-16 00:06:53.033 [main] INFO  cn.edu.xmu.restfuldemo.DemoApplication - No active profile set, falling back to default profiles: default
2021-10-16 00:07:00.241 [main] INFO  cn.edu.xmu.restfuldemo.DemoApplication - Started DemoApplication in 7.801 seconds (JVM running for 9.358)
2021-10-16 00:14:30.978 [main] INFO  cn.edu.xmu.restfuldemo.DemoApplication - Starting DemoApplication using Java 16.0.1 on DESKTOP-600G03K with PID 21016 (G:\JavaEE\code\新建文件夹\JavaEEPlatform-master\JavaEEPlatform-master\3.MyBatis\RestFulDemoMyBatis\target\classes started by 向往快乐的王子 in G:\JavaEE\code\新建文件夹\JavaEEPlatform-master\JavaEEPlatform-master\3.MyBatis\RestFulDemoMyBatis)
2021-10-16 00:14:30.982 [main] INFO  cn.edu.xmu.restfuldemo.DemoApplication - No active profile set, falling back to default profiles: default
2021-10-16 00:14:38.514 [main] INFO  cn.edu.xmu.restfuldemo.DemoApplication - Started DemoApplication in 8.051 seconds (JVM running for 9.484)
2021-10-16 00:17:16.247 [main] INFO  cn.edu.xmu.restfuldemo.DemoApplication - Starting DemoApplication using Java 16.0.1 on DESKTOP-600G03K with PID 23420 (G:\JavaEE\code\新建文件夹\JavaEEPlatform-master\JavaEEPlatform-master\3.MyBatis\RestFulDemoMyBatis\target\classes started by 向往快乐的王子 in G:\JavaEE\code\新建文件夹\JavaEEPlatform-master\JavaEEPlatform-master\3.MyBatis\RestFulDemoMyBatis)
2021-10-16 00:17:16.251 [main] INFO  cn.edu.xmu.restfuldemo.DemoApplication - No active profile set, falling back to default profiles: default
2021-10-16 00:17:24.316 [main] INFO  cn.edu.xmu.restfuldemo.DemoApplication - Started DemoApplication in 8.634 seconds (JVM running for 10.174)
2021-10-16 00:17:49.880 [main] INFO  cn.edu.xmu.restfuldemo.DemoApplication - Starting DemoApplication using Java 16.0.1 on DESKTOP-600G03K with PID 21136 (G:\JavaEE\code\新建文件夹\JavaEEPlatform-master\JavaEEPlatform-master\3.MyBatis\RestFulDemoMyBatis\target\classes started by 向往快乐的王子 in G:\JavaEE\code\新建文件夹\JavaEEPlatform-master\JavaEEPlatform-master\3.MyBatis\RestFulDemoMyBatis)
2021-10-16 00:17:49.884 [main] INFO  cn.edu.xmu.restfuldemo.DemoApplication - No active profile set, falling back to default profiles: default
2021-10-16 00:17:58.781 [main] INFO  cn.edu.xmu.restfuldemo.DemoApplication - Starting DemoApplication using Java 16.0.1 on DESKTOP-600G03K with PID 24084 (G:\JavaEE\code\新建文件夹\JavaEEPlatform-master\JavaEEPlatform-master\3.MyBatis\RestFulDemoMyBatis\target\classes started by 向往快乐的王子 in G:\JavaEE\code\新建文件夹\JavaEEPlatform-master\JavaEEPlatform-master\3.MyBatis\RestFulDemoMyBatis)
2021-10-16 00:17:58.786 [main] INFO  cn.edu.xmu.restfuldemo.DemoApplication - No active profile set, falling back to default profiles: default
2021-10-16 00:18:06.277 [main] INFO  cn.edu.xmu.restfuldemo.DemoApplication - Started DemoApplication in 8.235 seconds (JVM running for 10.08)
2021-10-16 00:18:38.133 [main] INFO  cn.edu.xmu.restfuldemo.DemoApplication - Starting DemoApplication using Java 16.0.1 on DESKTOP-600G03K with PID 15644 (G:\JavaEE\code\新建文件夹\JavaEEPlatform-master\JavaEEPlatform-master\3.MyBatis\RestFulDemoMyBatis\target\classes started by 向往快乐的王子 in G:\JavaEE\code\新建文件夹\JavaEEPlatform-master\JavaEEPlatform-master\3.MyBatis\RestFulDemoMyBatis)
2021-10-16 00:18:38.135 [main] INFO  cn.edu.xmu.restfuldemo.DemoApplication - No active profile set, falling back to default profiles: default
2021-10-16 00:18:46.260 [main] INFO  cn.edu.xmu.restfuldemo.DemoApplication - Started DemoApplication in 8.676 seconds (JVM running for 10.313)
2021-10-16 00:20:22.388 [main] INFO  cn.edu.xmu.restfuldemo.DemoApplication - Starting DemoApplication using Java 16.0.1 on DESKTOP-600G03K with PID 11092 (G:\JavaEE\code\新建文件夹\JavaEEPlatform-master\JavaEEPlatform-master\3.MyBatis\RestFulDemoMyBatis\target\classes started by 向往快乐的王子 in G:\JavaEE\code\新建文件夹\JavaEEPlatform-master\JavaEEPlatform-master\3.MyBatis\RestFulDemoMyBatis)
2021-10-16 00:20:22.392 [main] INFO  cn.edu.xmu.restfuldemo.DemoApplication - No active profile set, falling back to default profiles: default
2021-10-16 00:20:29.849 [main] INFO  cn.edu.xmu.restfuldemo.DemoApplication - Started DemoApplication in 7.983 seconds (JVM running for 9.801)
2021-10-16 00:21:56.003 [main] INFO  cn.edu.xmu.restfuldemo.DemoApplication - Starting DemoApplication using Java 16.0.1 on DESKTOP-600G03K with PID 26048 (G:\JavaEE\code\新建文件夹\JavaEEPlatform-master\JavaEEPlatform-master\3.MyBatis\RestFulDemoMyBatis\target\classes started by 向往快乐的王子 in G:\JavaEE\code\新建文件夹\JavaEEPlatform-master\JavaEEPlatform-master\3.MyBatis\RestFulDemoMyBatis)
2021-10-16 00:21:56.007 [main] INFO  cn.edu.xmu.restfuldemo.DemoApplication - No active profile set, falling back to default profiles: default
2021-10-16 00:22:03.071 [main] INFO  cn.edu.xmu.restfuldemo.DemoApplication - Started DemoApplication in 7.648 seconds (JVM running for 9.148)
